\BOOKMARK [0][-]{chapter.1}{Einleitung}{}% 1
\BOOKMARK [1][-]{section.1.1}{Begriffsdefinition}{chapter.1}% 2
\BOOKMARK [1][-]{section.1.2}{Schwingungen}{chapter.1}% 3
\BOOKMARK [2][-]{subsection.1.2.1}{Klassifikation von Schwingungen}{section.1.2}% 4
\BOOKMARK [2][-]{subsection.1.2.2}{Weitere Klassifikationen f\374r Schwingungen}{section.1.2}% 5
\BOOKMARK [0][-]{chapter.2}{Freie Schwingungen}{}% 6
\BOOKMARK [1][-]{section.2.1}{Freie unged\344mpfte Schwingungen}{chapter.2}% 7
\BOOKMARK [1][-]{section.2.2}{Freie ged\344mpfte Schwingungen}{chapter.2}% 8
\BOOKMARK [0][-]{chapter.3}{Erzwungene Schwingungen}{}% 9
\BOOKMARK [1][-]{section.3.1}{Unged\344mpfte krafterregte Schwingungen}{chapter.3}% 10
\BOOKMARK [1][-]{section.3.2}{Ged\344mpfte krafterregte Schwingungen}{chapter.3}% 11
\BOOKMARK [1][-]{section.3.3}{Ged\344mpfte fu\337punkterrekte Schwingungen \205 Maxwell-Modell}{chapter.3}% 12
\BOOKMARK [1][-]{section.3.4}{Ged\344mpfte fu\337punkterrekte Schwingungen \205 Voigt-Modell}{chapter.3}% 13
\BOOKMARK [1][-]{section.3.5}{Ged\344mpfte unwuchterregte Schwingungen}{chapter.3}% 14
\BOOKMARK [1][-]{section.3.6}{Alternative L\366sungsans\344tze f\374r Zwangsschwingungen}{chapter.3}% 15
\BOOKMARK [2][-]{subsection.3.6.1}{Ansatz mit Phasenverschiebung}{section.3.6}% 16
\BOOKMARK [2][-]{subsection.3.6.2}{Komplexe Erweiterung}{section.3.6}% 17
\BOOKMARK [0][-]{chapter.4}{Anregungssignale und Fourieranalyse}{}% 18
\BOOKMARK [1][-]{section.4.1}{Anregung durch Impuls}{chapter.4}% 19
\BOOKMARK [2][-]{subsection.4.1.1}{Sprungfunktion und Dirac-Impuls}{section.4.1}% 20
\BOOKMARK [2][-]{subsection.4.1.2}{Sto\337antwort}{section.4.1}% 21
\BOOKMARK [1][-]{section.4.2}{Periodische Anregung}{chapter.4}% 22
\BOOKMARK [2][-]{subsection.4.2.1}{Darstellung von Singalen im Zeit- und im Frequenzbereich}{section.4.2}% 23
\BOOKMARK [1][-]{section.4.3}{Darstellung periodischer Funktionen durch Fourierreihen}{chapter.4}% 24
\BOOKMARK [1][-]{section.4.4}{Erzwungene Schwingungen mit periodischer Anregung}{chapter.4}% 25
\BOOKMARK [1][-]{section.4.5}{Nichtperiodische Vorg\344nge}{chapter.4}% 26
\BOOKMARK [1][-]{section.4.6}{Berechnung der Schwingungsantwort mithilfe des komplexen Frequenzgangs}{chapter.4}% 27
\BOOKMARK [0][-]{chapter.5}{Schwingungen mit 2 Freiheitsgraden}{}% 28
\BOOKMARK [1][-]{section.5.1}{Beispiele}{chapter.5}% 29
\BOOKMARK [1][-]{section.5.2}{Bewegungsgleichung}{chapter.5}% 30
\BOOKMARK [1][-]{section.5.3}{Unged\344mpfte Schwingungen}{chapter.5}% 31
\BOOKMARK [1][-]{section.5.4}{Modale Entkopplung}{chapter.5}% 32
\BOOKMARK [1][-]{section.5.5}{Systeme mit modaler D\344mpfung}{chapter.5}% 33
\BOOKMARK [1][-]{section.5.6}{Erzwungene Koppelschwingungen und Tilgung}{chapter.5}% 34
\BOOKMARK [0][-]{chapter*.70}{Literaturverzeichnis}{}% 35
